app/build/outputs/logs/manifest-merger-debug-report.txt
-- Merging decision tree log ---
manifest
ADDED from src/main/AndroidManifest.xml:2:1-20:12
INJECTED from src/main/AndroidManifest.xml:2:1-20:12
INJECTED from src/main/AndroidManifest.xml:2:1-20:12
INJECTED from src/main/AndroidManifest.xml:2:1-20:12
INJECTED from src/main/AndroidManifest.xml:2:1-20:12
INJECTED from src/main/AndroidManifest.xml:2:1-20:12
INJECTED from src/main/AndroidManifest.xml:2:1-20:12
	package
		ADDED from src/main/AndroidManifest.xml:3:7-47
		INJECTED from src/main/AndroidManifest.xml
		INJECTED from src/main/AndroidManifest.xml
	android:versionName
		ADDED from src/main/AndroidManifest.xml:6:7-32
		INJECTED from src/main/AndroidManifest.xml
		INJECTED from src/main/AndroidManifest.xml
	xmlns:android
		ADDED from src/main/AndroidManifest.xml:2:11-69
	android:versionCode
		ADDED from src/main/AndroidManifest.xml:5:7-30
		INJECTED from src/main/AndroidManifest.xml
		INJECTED from src/main/AndroidManifest.xml
uses-sdk
ADDED from src/main/AndroidManifest.xml:7:5-44
INJECTED from src/main/AndroidManifest.xml:7:5-44
INJECTED from src/main/AndroidManifest.xml:7:5-44
INJECTED from src/main/AndroidManifest.xml:7:5-44
INJECTED from src/main/AndroidManifest.xml:7:5-44
	android:targetSdkVersion
		INJECTED from src/main/AndroidManifest.xml
		ADDED from src/main/AndroidManifest.xml:7:5-44
		INJECTED from src/main/AndroidManifest.xml
	android:minSdkVersion
		ADDED from src/main/AndroidManifest.xml:7:15-41
		INJECTED from src/main/AndroidManifest.xml
		INJECTED from src/main/AndroidManifest.xml
application
ADDED from src/main/AndroidManifest.xml:9:5-19:19
	android:label
		ADDED from src/main/AndroidManifest.xml:9:51-83
	android:icon
		ADDED from src/main/AndroidManifest.xml:9:18-50
activity#com.android.AndroidVideoPlayer.AndroidVideoPlayer
ADDED from src/main/AndroidManifest.xml:10:9-17:20
	android:screenOrientation
		ADDED from src/main/AndroidManifest.xml:12:13-49
	android:label
		ADDED from src/main/AndroidManifest.xml:11:19-51
	android:name
		ADDED from src/main/AndroidManifest.xml:10:19-53
intent-filter#action:name:android.intent.action.MAIN+category:name:android.intent.category.LAUNCHER
ADDED from src/main/AndroidManifest.xml:13:13-16:29
action#android.intent.action.MAIN
ADDED from src/main/AndroidManifest.xml:14:17-69
	android:name
		ADDED from src/main/AndroidManifest.xml:14:25-66
category#android.intent.category.LAUNCHER
ADDED from src/main/AndroidManifest.xml:15:17-77
	android:name
		ADDED from src/main/AndroidManifest.xml:15:27-74